<?xml version="1.0" encoding="UTF-8"?>
<!-- Generated by org.testng.reporters.JUnitXMLReporter -->
<testsuite hostname="JYOTI-PC" name="Test" tests="8" failures="3" timestamp="31 May 2015 07:28:55 GMT" time="150.013" errors="0">
  <testcase name="@BeforeMethod logInToApp" time="0.0" classname="com.actitime.project_and_customer_test.MyAccount_modification">
    <failure type="org.openqa.selenium.remote.SessionNotFoundException" message="The FirefoxDriver cannot be used after quit() was called.
Build info: version: &amp;apos;2.42.0&amp;apos;, revision: &amp;apos;5e82430&amp;apos;, time: &amp;apos;2014-05-22 20:18:33&amp;apos;
System info: host: &amp;apos;JYOTI-PC&amp;apos;, ip: &amp;apos;172.17.30.231&amp;apos;, os.name: &amp;apos;Windows 7&amp;apos;, os.arch: &amp;apos;x86&amp;apos;, os.version: &amp;apos;6.1&amp;apos;, java.version: &amp;apos;1.7.0&amp;apos;
Driver info: driver.version: RemoteWebDriver">
      <![CDATA[org.openqa.selenium.remote.SessionNotFoundException: The FirefoxDriver cannot be used after quit() was called.
Build info: version: '2.42.0', revision: '5e82430', time: '2014-05-22 20:18:33'
System info: host: 'JYOTI-PC', ip: '172.17.30.231', os.name: 'Windows 7', os.arch: 'x86', os.version: '6.1', java.version: '1.7.0'
Driver info: driver.version: RemoteWebDriver
	at org.openqa.selenium.firefox.FirefoxDriver$LazyCommandExecutor.execute(FirefoxDriver.java:359)
	at org.openqa.selenium.remote.RemoteWebDriver.execute(RemoteWebDriver.java:569)
	at org.openqa.selenium.remote.RemoteWebDriver.get(RemoteWebDriver.java:301)
	at com.actitime.business_lib.ProjectAndCustomerLib.logIn(ProjectAndCustomerLib.java:42)
	at com.actitime.project_and_customer_test.MyAccount_modification.logInToApp(MyAccount_modification.java:34)
... Removed 26 stack frames]]>
    </failure>
  </testcase> <!-- @BeforeMethod logInToApp -->
  <testcase name="@BeforeMethod logInToApp" time="0.0" classname="com.actitime.report_test.Report_screenshot">
    <failure type="org.openqa.selenium.remote.SessionNotFoundException" message="The FirefoxDriver cannot be used after quit() was called.
Build info: version: &amp;apos;2.42.0&amp;apos;, revision: &amp;apos;5e82430&amp;apos;, time: &amp;apos;2014-05-22 20:18:33&amp;apos;
System info: host: &amp;apos;JYOTI-PC&amp;apos;, ip: &amp;apos;172.17.30.231&amp;apos;, os.name: &amp;apos;Windows 7&amp;apos;, os.arch: &amp;apos;x86&amp;apos;, os.version: &amp;apos;6.1&amp;apos;, java.version: &amp;apos;1.7.0&amp;apos;
Driver info: driver.version: RemoteWebDriver">
      <![CDATA[org.openqa.selenium.remote.SessionNotFoundException: The FirefoxDriver cannot be used after quit() was called.
Build info: version: '2.42.0', revision: '5e82430', time: '2014-05-22 20:18:33'
System info: host: 'JYOTI-PC', ip: '172.17.30.231', os.name: 'Windows 7', os.arch: 'x86', os.version: '6.1', java.version: '1.7.0'
Driver info: driver.version: RemoteWebDriver
	at org.openqa.selenium.firefox.FirefoxDriver$LazyCommandExecutor.execute(FirefoxDriver.java:359)
	at org.openqa.selenium.remote.RemoteWebDriver.execute(RemoteWebDriver.java:569)
	at org.openqa.selenium.remote.RemoteWebDriver.get(RemoteWebDriver.java:301)
	at com.actitime.business_lib.ProjectAndCustomerLib.logIn(ProjectAndCustomerLib.java:42)
	at com.actitime.report_test.Report_screenshot.logInToApp(Report_screenshot.java:33)
... Removed 26 stack frames]]>
    </failure>
  </testcase> <!-- @BeforeMethod logInToApp -->
  <testcase name="reportSheet" time="7.953" classname="com.actitime.project_and_customer_test.Generate_report">
    <failure type="org.openqa.selenium.NoAlertPresentException" message="No alert is present (WARNING: The server did not provide any stacktrace information)
Command duration or timeout: 3.00 seconds
Build info: version: &amp;apos;2.42.0&amp;apos;, revision: &amp;apos;5e82430&amp;apos;, time: &amp;apos;2014-05-22 20:18:33&amp;apos;
System info: host: &amp;apos;JYOTI-PC&amp;apos;, ip: &amp;apos;172.17.30.231&amp;apos;, os.name: &amp;apos;Windows 7&amp;apos;, os.arch: &amp;apos;x86&amp;apos;, os.version: &amp;apos;6.1&amp;apos;, java.version: &amp;apos;1.7.0&amp;apos;
Session ID: 4d15dd33-73fa-4444-a5f4-33094af78e1a
Driver info: org.openqa.selenium.firefox.FirefoxDriver
Capabilities [{platform=XP, acceptSslCerts=true, javascriptEnabled=true, browserName=firefox, rotatable=false, locationContextEnabled=true, version=26.0, cssSelectorsEnabled=true, databaseEnabled=true, handlesAlerts=true, browserConnectionEnabled=true, nativeEvents=false, webStorageEnabled=true, applicationCacheEnabled=true, takesScreenshot=true}]">
      <![CDATA[org.openqa.selenium.NoAlertPresentException: No alert is present (WARNING: The server did not provide any stacktrace information)
Command duration or timeout: 3.00 seconds
Build info: version: '2.42.0', revision: '5e82430', time: '2014-05-22 20:18:33'
System info: host: 'JYOTI-PC', ip: '172.17.30.231', os.name: 'Windows 7', os.arch: 'x86', os.version: '6.1', java.version: '1.7.0'
Session ID: 4d15dd33-73fa-4444-a5f4-33094af78e1a
Driver info: org.openqa.selenium.firefox.FirefoxDriver
Capabilities [{platform=XP, acceptSslCerts=true, javascriptEnabled=true, browserName=firefox, rotatable=false, locationContextEnabled=true, version=26.0, cssSelectorsEnabled=true, databaseEnabled=true, handlesAlerts=true, browserConnectionEnabled=true, nativeEvents=false, webStorageEnabled=true, applicationCacheEnabled=true, takesScreenshot=true}]
	at org.openqa.selenium.remote.ErrorHandler.createThrowable(ErrorHandler.java:193)
	at org.openqa.selenium.remote.ErrorHandler.throwIfResponseFailed(ErrorHandler.java:145)
	at org.openqa.selenium.remote.RemoteWebDriver.execute(RemoteWebDriver.java:596)
	at org.openqa.selenium.remote.RemoteWebDriver.execute(RemoteWebDriver.java:611)
	at org.openqa.selenium.remote.RemoteWebDriver$RemoteTargetLocator.alert(RemoteWebDriver.java:896)
	at com.actitime.generic_lib.WebDriverCommonLib.accept(WebDriverCommonLib.java:107)
	at com.actitime.business_lib.ProjectAndCustomerLib.generateReport(ProjectAndCustomerLib.java:101)
	at com.actitime.project_and_customer_test.Generate_report.reportSheet(Generate_report.java:38)
... Removed 28 stack frames]]>
    </failure>
  </testcase> <!-- reportSheet -->
  <testcase name="verifyCustomer" time="20.167" classname="com.actitime.project_and_customer_test.Customer_explore">
    <failure type="org.openqa.selenium.NoSuchElementException" message="Unable to locate element: {&amp;quot;method&amp;quot;:&amp;quot;link text&amp;quot;,&amp;quot;selector&amp;quot;:&amp;quot;Projects &amp;amp; Customers&amp;quot;}
Command duration or timeout: 20.07 seconds
For documentation on this error, please visit: http://seleniumhq.org/exceptions/no_such_element.html
Build info: version: &amp;apos;2.42.0&amp;apos;, revision: &amp;apos;5e82430&amp;apos;, time: &amp;apos;2014-05-22 20:18:33&amp;apos;
System info: host: &amp;apos;JYOTI-PC&amp;apos;, ip: &amp;apos;172.17.30.231&amp;apos;, os.name: &amp;apos;Windows 7&amp;apos;, os.arch: &amp;apos;x86&amp;apos;, os.version: &amp;apos;6.1&amp;apos;, java.version: &amp;apos;1.7.0&amp;apos;
Session ID: 4d15dd33-73fa-4444-a5f4-33094af78e1a
Driver info: org.openqa.selenium.firefox.FirefoxDriver
Capabilities [{platform=XP, acceptSslCerts=true, javascriptEnabled=true, browserName=firefox, rotatable=false, locationContextEnabled=true, version=26.0, cssSelectorsEnabled=true, databaseEnabled=true, handlesAlerts=true, browserConnectionEnabled=true, nativeEvents=false, webStorageEnabled=true, applicationCacheEnabled=true, takesScreenshot=true}]">
      <![CDATA[org.openqa.selenium.NoSuchElementException: Unable to locate element: {"method":"link text","selector":"Projects & Customers"}
Command duration or timeout: 20.07 seconds
For documentation on this error, please visit: http://seleniumhq.org/exceptions/no_such_element.html
Build info: version: '2.42.0', revision: '5e82430', time: '2014-05-22 20:18:33'
System info: host: 'JYOTI-PC', ip: '172.17.30.231', os.name: 'Windows 7', os.arch: 'x86', os.version: '6.1', java.version: '1.7.0'
Session ID: 4d15dd33-73fa-4444-a5f4-33094af78e1a
Driver info: org.openqa.selenium.firefox.FirefoxDriver
Capabilities [{platform=XP, acceptSslCerts=true, javascriptEnabled=true, browserName=firefox, rotatable=false, locationContextEnabled=true, version=26.0, cssSelectorsEnabled=true, databaseEnabled=true, handlesAlerts=true, browserConnectionEnabled=true, nativeEvents=false, webStorageEnabled=true, applicationCacheEnabled=true, takesScreenshot=true}]
	at org.openqa.selenium.remote.ErrorHandler.createThrowable(ErrorHandler.java:193)
	at org.openqa.selenium.remote.ErrorHandler.throwIfResponseFailed(ErrorHandler.java:145)
	at org.openqa.selenium.remote.RemoteWebDriver.execute(RemoteWebDriver.java:596)
	at org.openqa.selenium.remote.RemoteWebDriver.findElement(RemoteWebDriver.java:349)
	at org.openqa.selenium.remote.RemoteWebDriver.findElementByLinkText(RemoteWebDriver.java:398)
	at org.openqa.selenium.By$ByLinkText.findElement(By.java:242)
	at org.openqa.selenium.remote.RemoteWebDriver.findElement(RemoteWebDriver.java:341)
	at org.openqa.selenium.support.pagefactory.DefaultElementLocator.findElement(DefaultElementLocator.java:59)
	at org.openqa.selenium.support.pagefactory.internal.LocatingElementHandler.invoke(LocatingElementHandler.java:34)
	at $Proxy12.click(Unknown Source)
	at com.actitime.business_lib.ProjectAndCustomerLib.verifyCustToBePresent(ProjectAndCustomerLib.java:89)
	at com.actitime.project_and_customer_test.Customer_explore.verifyCustomer(Customer_explore.java:40)
Caused by: org.openqa.selenium.remote.ErrorHandler$UnknownServerException: Unable to locate element: {"method":"link text","selector":"Projects & Customers"}
Build info: version: '2.42.0', revision: '5e82430', time: '2014-05-22 20:18:33'
System info: host: 'JYOTI-PC', ip: '172.17.30.231', os.name: 'Windows 7', os.arch: 'x86', os.version: '6.1', java.version: '1.7.0'
Driver info: driver.version: unknown
	at <anonymous class>.FirefoxDriver.prototype.findElementInternal_(file:///C:/Users/JYOTI/AppData/Local/Temp/anonymous4874385189578663943webdriver-profile/extensions/fxdriver@googlecode.com/components/driver_component.js:9470)
	at <anonymous class>.fxdriver.Timer.prototype.setTimeout/<.notify(file:///C:/Users/JYOTI/AppData/Local/Temp/anonymous4874385189578663943webdriver-profile/extensions/fxdriver@googlecode.com/components/driver_component.js:407)
... Removed 28 stack frames]]>
    </failure>
  </testcase> <!-- verifyCustomer -->
  <testcase name="create_user" time="0.048" classname="com.actitime.project_and_customer_test.User_alter_test">
    <failure type="java.lang.NullPointerException">
      <![CDATA[java.lang.NullPointerException
	at com.actitime.generic_lib.ExcelLib.getExcelData(ExcelLib.java:27)
	at com.actitime.project_and_customer_test.User_alter_test.create_user(User_alter_test.java:46)
... Removed 24 stack frames]]>
    </failure>
  </testcase> <!-- create_user -->
  <testcase name="addProjectToCustomer" time="2.917" classname="com.actitime.project_and_customer_test.ProjectAndCustomerTest"/>
  <testcase name="createCustomer" time="19.37" classname="com.actitime.project_and_customer_test.ProjectAndCustomerTest"/>
  <testcase name="deleteCust" time="24.529" classname="com.actitime.project_and_customer_test.ProjectAndCustomerTest"/>
  <testcase name="MyAccount" time="0.002" classname="com.actitime.project_and_customer_test.MyAccount_modification">
    <skipped/>
  </testcase> <!-- MyAccount -->
  <testcase name="takeAScreenshot" time="0.001" classname="com.actitime.report_test.Report_screenshot">
    <skipped/>
  </testcase> <!-- takeAScreenshot -->
</testsuite> <!-- Test -->
